
Showing logs for build [32mcb-kubecd-environment-pr-205-78-dt4f2-1[0m stage [32mfrom-build-pack[0m and container [32mstep-credential-initializer-zcjw5[0m
{"level":"info","ts":1587315798.3301418,"logger":"fallback-logger","caller":"logging/config.go:69","msg":"Fetch GitHub commit ID from kodata failed: open /var/run/ko/refs/heads/0.8.0-ns-support: no such file or directory"}
{"level":"info","ts":1587315798.3312402,"logger":"fallback-logger","caller":"creds-init/main.go:40","msg":"Credentials initialized."}

Showing logs for build [32mcb-kubecd-environment-pr-205-78-dt4f2-1[0m stage [32mfrom-build-pack[0m and container [32mstep-working-dir-initializer-h2bc5[0m
{"level":"info","ts":1587315799.1505196,"logger":"fallback-logger","caller":"logging/config.go:69","msg":"Fetch GitHub commit ID from kodata failed: open /var/run/ko/HEAD: no such file or directory"}
{"level":"info","ts":1587315799.152079,"logger":"fallback-logger","caller":"bash/main.go:64","msg":"Successfully executed command \"sh -c mkdir -p /workspace/source\"; output "}

Showing logs for build [32mcb-kubecd-environment-pr-205-78-dt4f2-1[0m stage [32mfrom-build-pack[0m and container [32mstep-place-tools[0m

Showing logs for build [32mcb-kubecd-environment-pr-205-78-dt4f2-1[0m stage [32mfrom-build-pack[0m and container [32mstep-git-source-cb-kubecd-environment-pr-205-78-dt4f2-88qj5[0m
{"level":"info","ts":1587315804.2206554,"logger":"fallback-logger","caller":"logging/config.go:69","msg":"Fetch GitHub commit ID from kodata failed: open /var/run/ko/refs/heads/0.8.0-ns-support: no such file or directory"}
{"level":"info","ts":1587315805.342268,"logger":"fallback-logger","caller":"git/git.go:103","msg":"Successfully cloned https://github.com/cb-kubecd/environment-pr-205-78-boot-vault-gke-staging.git @ master in path /workspace/source"}

Showing logs for build [32mcb-kubecd-environment-pr-205-78-dt4f2-1[0m stage [32mfrom-build-pack[0m and container [32mstep-git-merge[0m
Using SHAs from PULL_REFS=master:6b56eef74fba8cf24a473dda805f5b219e181b93,2:286896b9d251e22451bcd7471b40d713651b9abc
DEBUG: LC_ALL=C JX_LOG_LEVEL=error git fetch origin --unshallow 286896b9d251e22451bcd7471b40d713651b9abc: 6b56eef74fba8cf24a473dda805f5b219e181b93:
DEBUG: ran git fetch --unshallow origin 286896b9d251e22451bcd7471b40d713651b9abc: 6b56eef74fba8cf24a473dda805f5b219e181b93: in 
DEBUG: LC_ALL=C JX_LOG_LEVEL=error git branch
DEBUG: LC_ALL=C JX_LOG_LEVEL=error git checkout master
DEBUG: ran git checkout master in 
DEBUG: LC_ALL=C JX_LOG_LEVEL=error git reset --hard 6b56eef74fba8cf24a473dda805f5b219e181b93
DEBUG: ran git reset --hard 6b56eef74fba8cf24a473dda805f5b219e181b93 in 
DEBUG: LC_ALL=C JX_LOG_LEVEL=error git clean -fd .
DEBUG: ran clean --force -d . in 
DEBUG: LC_ALL=C JX_LOG_LEVEL=error git merge 286896b9d251e22451bcd7471b40d713651b9abc
DEBUG: ran git merge 286896b9d251e22451bcd7471b40d713651b9abc in 
DEBUG: LC_ALL=C JX_LOG_LEVEL=error git log --format=%H%x1f%an%x1f%ae%x1f%cn%x1f%ce%x1f%s%n%b%x1e 6b56eef74fba8cf24a473dda805f5b219e181b93..HEAD
Merged SHA 286896b9d251e22451bcd7471b40d713651b9abc with commit message 'chore: Promote bdd-gh-1587315496 to version 0.0.1' into base branch master

Showing logs for build [32mcb-kubecd-environment-pr-205-78-dt4f2-1[0m stage [32mfrom-build-pack[0m and container [32mstep-build-helm-build[0m
WARNING: No $CHART_REPOSITORY defined so using the default value of: http://jenkins-x-chartmuseum:8080
Adding missing Helm repo: storage.googleapis.com https://storage.googleapis.com/chartmuseum.jenkins-x.io
WARNING: No secrets found on "helm/repos" due: reading the secret "helm/repos" from vault: no secret "helm/repos" not found in vault
Read credentials for https://storage.googleapis.com/chartmuseum.jenkins-x.io from vault helm/repos
Successfully added Helm repository storage.googleapis.com.
Adding missing Helm repo: jenkins-x-chartmuseum http://jenkins-x-chartmuseum:8080
WARNING: No secrets found on "helm/repos" due: reading the secret "helm/repos" from vault: no secret "helm/repos" not found in vault
Read credentials for http://jenkins-x-chartmuseum:8080 from vault helm/repos
Successfully added Helm repository jenkins-x-chartmuseum.
WARNING: No $CHART_REPOSITORY defined so using the default value of: http://jenkins-x-chartmuseum:8080
Adding missing Helm repo: chartmuseum.jenkins-x.io http://chartmuseum.jenkins-x.io
WARNING: No secrets found on "helm/repos" due: reading the secret "helm/repos" from vault: no secret "helm/repos" not found in vault
Read credentials for http://chartmuseum.jenkins-x.io from vault helm/repos
Successfully added Helm repository chartmuseum.jenkins-x.io.
