
Showing logs for build [32mcb-kubecd-environment-pr-205-78-cpsqz-1[0m stage [32mfrom-build-pack[0m and container [32mstep-credential-initializer-v5ccd[0m
{"level":"info","ts":1587317645.5833037,"logger":"fallback-logger","caller":"logging/config.go:69","msg":"Fetch GitHub commit ID from kodata failed: open /var/run/ko/refs/heads/0.8.0-ns-support: no such file or directory"}
{"level":"info","ts":1587317645.5845947,"logger":"fallback-logger","caller":"creds-init/main.go:40","msg":"Credentials initialized."}

Showing logs for build [32mcb-kubecd-environment-pr-205-78-cpsqz-1[0m stage [32mfrom-build-pack[0m and container [32mstep-working-dir-initializer-fxx28[0m
{"level":"info","ts":1587317647.1477144,"logger":"fallback-logger","caller":"logging/config.go:69","msg":"Fetch GitHub commit ID from kodata failed: open /var/run/ko/HEAD: no such file or directory"}
{"level":"info","ts":1587317647.149817,"logger":"fallback-logger","caller":"bash/main.go:64","msg":"Successfully executed command \"sh -c mkdir -p /workspace/source\"; output "}

Showing logs for build [32mcb-kubecd-environment-pr-205-78-cpsqz-1[0m stage [32mfrom-build-pack[0m and container [32mstep-place-tools[0m

Showing logs for build [32mcb-kubecd-environment-pr-205-78-cpsqz-1[0m stage [32mfrom-build-pack[0m and container [32mstep-git-source-cb-kubecd-environment-pr-205-78-cpsqz-987wm[0m
{"level":"info","ts":1587317653.498927,"logger":"fallback-logger","caller":"logging/config.go:69","msg":"Fetch GitHub commit ID from kodata failed: open /var/run/ko/refs/heads/0.8.0-ns-support: no such file or directory"}
{"level":"info","ts":1587317654.5397346,"logger":"fallback-logger","caller":"git/git.go:103","msg":"Successfully cloned https://github.com/cb-kubecd/environment-pr-205-78-boot-vault-gke-staging.git @ master in path /workspace/source"}

Showing logs for build [32mcb-kubecd-environment-pr-205-78-cpsqz-1[0m stage [32mfrom-build-pack[0m and container [32mstep-git-merge[0m
Using SHAs from PULL_REFS=master:c94ebce62a376faff68fb43e3182cca6eaeef289,4:124baf5a8d23a7538549e334f5b43447e4fa72cc
DEBUG: LC_ALL=C JX_LOG_LEVEL=error git fetch origin --unshallow 124baf5a8d23a7538549e334f5b43447e4fa72cc: c94ebce62a376faff68fb43e3182cca6eaeef289:
DEBUG: ran git fetch --unshallow origin 124baf5a8d23a7538549e334f5b43447e4fa72cc: c94ebce62a376faff68fb43e3182cca6eaeef289: in 
DEBUG: LC_ALL=C JX_LOG_LEVEL=error git branch
DEBUG: LC_ALL=C JX_LOG_LEVEL=error git checkout master
DEBUG: ran git checkout master in 
DEBUG: LC_ALL=C JX_LOG_LEVEL=error git reset --hard c94ebce62a376faff68fb43e3182cca6eaeef289
DEBUG: ran git reset --hard c94ebce62a376faff68fb43e3182cca6eaeef289 in 
DEBUG: LC_ALL=C JX_LOG_LEVEL=error git clean -fd .
DEBUG: ran clean --force -d . in 
DEBUG: LC_ALL=C JX_LOG_LEVEL=error git merge 124baf5a8d23a7538549e334f5b43447e4fa72cc
DEBUG: ran git merge 124baf5a8d23a7538549e334f5b43447e4fa72cc in 
DEBUG: JX_LOG_LEVEL=error LC_ALL=C git log --format=%H%x1f%an%x1f%ae%x1f%cn%x1f%ce%x1f%s%n%b%x1e c94ebce62a376faff68fb43e3182cca6eaeef289..HEAD
Merged SHA 124baf5a8d23a7538549e334f5b43447e4fa72cc with commit message 'chore: Promote bdd-sbhg-1587315496 to version 0.0.1' into base branch master

Showing logs for build [32mcb-kubecd-environment-pr-205-78-cpsqz-1[0m stage [32mfrom-build-pack[0m and container [32mstep-build-helm-build[0m
WARNING: No $CHART_REPOSITORY defined so using the default value of: http://jenkins-x-chartmuseum:8080
Adding missing Helm repo: storage.googleapis.com https://storage.googleapis.com/chartmuseum.jenkins-x.io
WARNING: No secrets found on "helm/repos" due: reading the secret "helm/repos" from vault: no secret "helm/repos" not found in vault
Read credentials for https://storage.googleapis.com/chartmuseum.jenkins-x.io from vault helm/repos
Successfully added Helm repository storage.googleapis.com.
Adding missing Helm repo: jenkins-x-chartmuseum http://jenkins-x-chartmuseum:8080
WARNING: No secrets found on "helm/repos" due: reading the secret "helm/repos" from vault: no secret "helm/repos" not found in vault
Read credentials for http://jenkins-x-chartmuseum:8080 from vault helm/repos
Successfully added Helm repository jenkins-x-chartmuseum.
WARNING: No $CHART_REPOSITORY defined so using the default value of: http://jenkins-x-chartmuseum:8080
Adding missing Helm repo: chartmuseum.jenkins-x.io http://chartmuseum.jenkins-x.io
WARNING: No secrets found on "helm/repos" due: reading the secret "helm/repos" from vault: no secret "helm/repos" not found in vault
Read credentials for http://chartmuseum.jenkins-x.io from vault helm/repos
Successfully added Helm repository chartmuseum.jenkins-x.io.
